<?xml version="1.0" encoding="UTF-8"?>
<beans xmlns="http://www.springframework.org/schema/beans"
	xmlns:xsi="http://www.w3.org/2001/XMLSchema-instance"
	xsi:schemaLocation="http://www.springframework.org/schema/beans http://www.springframework.org/schema/beans/spring-beans.xsd">


	<bean id="connectionMaker" class="com.spring.util.SimpleConnectionMaker" />

	<bean id="userDao" class="com.spring.domain.UserDaoImpl">
		<constructor-arg ref="dataSource" />
	</bean>


	<bean id="userService" class="com.spring.service.UserService">
		<property name="userDao" ref="userDao"/>	
		<property name="dataSource" ref="dataSource"/>	
		<property name="txManager" ref="transactionManager"/>	
	</bean>



	<bean id="dataSource"
		class="org.springframework.jdbc.datasource.SimpleDriverDataSource">
		<property name="driverClass" value="com.mysql.jdbc.Driver" />
		<property name="url" value="jdbc:mysql://localhost/testdb" />
		<property name="username" value="root" />
		<property name="password" value="root" />
	</bean>
	
	<bean id="transactionManager" class="org.springframework.jdbc.datasource.DataSourceTransactionManager">
		<property name="dataSource" ref="dataSource"/>	
	</bean>

	<bean id="jdbcContext" class="com.spring.domain.JdbcContext">
		<property name="dataSource" ref="dataSource"></property>
	</bean>

</beans>
